<?xml version="1.0" encoding="UTF-8"?>
<testsuite xmlns:xsi="http://www.w3.org/2001/XMLSchema-instance" xsi:noNamespaceSchemaLocation="https://maven.apache.org/surefire/maven-surefire-plugin/xsd/surefire-test-report-3.0.xsd" version="3.0" name="com.review.anime.Integration.ReviewServiceIntegrationTest" time="0.534" tests="6" errors="0" skipped="0" failures="0">
  <properties>
[...]
</properties>
  <testcase name="deleteInvalidReview" classname="com.review.anime.Integration.ReviewServiceIntegrationTest" time="0.09">
    <system-out><![CDATA[2024-11-26 03:13:22 INFO  AnnotationConfigContextLoaderUtils:83 - Could not detect default configuration classes for test class [com.review.anime.Integration.ReviewServiceIntegrationTest]: ReviewServiceIntegrationTest does not declare any static, non-private, non-final, nested classes annotated with @Configuration.
2024-11-26 03:13:22 INFO  SpringBootTestContextBootstrapper:234 - Found @SpringBootConfiguration com.review.anime.AnimeApplication for test class com.review.anime.Integration.ReviewServiceIntegrationTest
Hibernate: select r1_0.comment_id,r1_0.anime_id,r1_0.comment,r1_0.rating,r1_0.user_id from review r1_0
Hibernate: select count(*) from review r1_0 where r1_0.comment_id=?
]]></system-out>
  </testcase>
  <testcase name="deleteReview" classname="com.review.anime.Integration.ReviewServiceIntegrationTest" time="0.189">
    <system-out><![CDATA[Hibernate: insert into review (anime_id,comment,rating,user_id) values (?,?,?,?)
Hibernate: select count(*) from review r1_0 where r1_0.comment_id=?
Hibernate: select r1_0.comment_id,r1_0.anime_id,r1_0.comment,r1_0.rating,u1_0.user_id,u1_0.email,u1_0.name,u1_0.password,u1_0.role,u1_0.status from review r1_0 left join user u1_0 on u1_0.user_id=r1_0.user_id where r1_0.comment_id=?
Hibernate: delete from review where comment_id=?
Hibernate: select r1_0.comment_id,r1_0.anime_id,r1_0.comment,r1_0.rating,u1_0.user_id,u1_0.email,u1_0.name,u1_0.password,u1_0.role,u1_0.status from review r1_0 left join user u1_0 on u1_0.user_id=r1_0.user_id where r1_0.comment_id=?
]]></system-out>
  </testcase>
  <testcase name="saveValidReview" classname="com.review.anime.Integration.ReviewServiceIntegrationTest" time="0.041">
    <system-out><![CDATA[Hibernate: select r1_0.comment_id,r1_0.anime_id,r1_0.comment,r1_0.rating,u1_0.user_id,u1_0.email,u1_0.name,u1_0.password,u1_0.role,u1_0.status,wl1_0.user_id,wl1_0.watch_id,wl1_0.anime_id,wl1_0.image_url,wl1_0.title from review r1_0 left join user u1_0 on u1_0.user_id=r1_0.user_id left join watch_list wl1_0 on u1_0.user_id=wl1_0.user_id where r1_0.comment_id=?
Hibernate: insert into review (anime_id,comment,rating,user_id) values (?,?,?,?)
]]></system-out>
  </testcase>
  <testcase name="saveInvalidReview" classname="com.review.anime.Integration.ReviewServiceIntegrationTest" time="0.006"/>
  <testcase name="getReviewsNotFound" classname="com.review.anime.Integration.ReviewServiceIntegrationTest" time="0.08">
    <system-out><![CDATA[Hibernate: select r1_0.comment_id,r1_0.anime_id,r1_0.comment,r1_0.rating,r1_0.user_id from review r1_0 where r1_0.anime_id=?
]]></system-out>
  </testcase>
  <testcase name="getReviews" classname="com.review.anime.Integration.ReviewServiceIntegrationTest" time="0.018">
    <system-out><![CDATA[Hibernate: select r1_0.comment_id,r1_0.anime_id,r1_0.comment,r1_0.rating,u1_0.user_id,u1_0.email,u1_0.name,u1_0.password,u1_0.role,u1_0.status,wl1_0.user_id,wl1_0.watch_id,wl1_0.anime_id,wl1_0.image_url,wl1_0.title from review r1_0 left join user u1_0 on u1_0.user_id=r1_0.user_id left join watch_list wl1_0 on u1_0.user_id=wl1_0.user_id where r1_0.comment_id=?
Hibernate: insert into review (anime_id,comment,rating,user_id) values (?,?,?,?)
Hibernate: select r1_0.comment_id,r1_0.anime_id,r1_0.comment,r1_0.rating,r1_0.user_id from review r1_0 where r1_0.anime_id=?
]]></system-out>
  </testcase>
</testsuite>